python run_expt.py -s confounder -d CelebA -t Blond_Hair -c Male --batch_size 64 --root_dir ./ --n_epochs 50 --aug_col None --log_dir results/CelebA/CelebA_sample_exp/ERM_upweight_0_epochs_50_lr_1e-05_weight_decay_0.1/model_outputs --metadata_path results/CelebA/CelebA_sample_exp/metadata_aug.csv --lr 1e-05 --weight_decay 0.1 --up_weight 0 --metadata_csv_name metadata.csv  --model resnet50 --use_bert_params 0 --loss_type erm

saved in results/CelebA/CelebA_sample_exp/ERM_upweight_0_epochs_50_lr_1e-05_weight_decay_0.1/job.sh


wandb: Currently logged in as: gaotang (use `wandb login --relogin` to force relogin)
wandb: wandb version 0.12.19 is available!  To upgrade, please run:
wandb:  $ pip install wandb --upgrade
wandb: Tracking run with wandb version 0.10.8
wandb: Syncing run super-surf-5
wandb: ⭐️ View project at https://wandb.ai/gaotang/spurious_CelebA
wandb: 🚀 View run at https://wandb.ai/gaotang/spurious_CelebA/runs/2wy5lig0
wandb: Run data is saved locally in wandb/run-20220622_222219-2wy5lig0
wandb: Run `wandb off` to turn off syncing.
Dataset: CelebA
Shift type: confounder
Wandb: True
Project name: spurious
Target name: Blond_Hair
Confounder names: ['Male']
Up weight: 0
Resume: False
Minority fraction: None
Imbalance ratio: None
Fraction: 1.0
Root dir: ./
Reweight groups: False
Augment data: False
Val fraction: 0.1
Loss type: erm
Alpha: 0.2
Generalization adjustment: 0.0
Automatic adjustment: False
Robust step size: 0.01
Joint dro alpha: 1
Use normalized loss: False
Btl: False
Hinge: False
Model: resnet50
Train from scratch: False
N epochs: 50
Batch size: 64
Lr: 1e-05
Scheduler: False
Weight decay: 0.1
Gamma: 0.1
Minimum variational weight: 0
Seed: 0
Show progress: False
Log dir: results/CelebA/CelebA_sample_exp/ERM_upweight_0_epochs_50_lr_1e-05_weight_decay_0.1/model_outputs
Log every: 50
Save step: 10
Save best: False
Save last: False
Use bert params: 0
Num folds per sweep: 5
Num sweeps: 4
Q: 0.7
Metadata csv name: metadata.csv
Fold: None
Metadata path: results/CelebA/CelebA_sample_exp/metadata_aug.csv
Aug col: None

Traceback (most recent call last):
  File "run_expt.py", line 321, in <module>
    main(args)
  File "run_expt.py", line 56, in main
    train=True,
  File "/home/gaotang/jtt/data/data.py", line 43, in prepare_data
    return_full_dataset,
  File "/home/gaotang/jtt/data/confounder_utils.py", line 45, in prepare_confounder_data
    metadata_csv_name=args.metadata_csv_name if (args.metadata_csv_name is not None) else "metadata.csv"
  File "/home/gaotang/jtt/data/celebA_dataset.py", line 34, in __init__
    os.path.join(self.root_dir, "data", metadata_csv_name))
  File "/home/gaotang/jtt/venv/lib/python3.6/site-packages/pandas/io/parsers.py", line 686, in read_csv
    return _read(filepath_or_buffer, kwds)
  File "/home/gaotang/jtt/venv/lib/python3.6/site-packages/pandas/io/parsers.py", line 452, in _read
    parser = TextFileReader(fp_or_buf, **kwds)
  File "/home/gaotang/jtt/venv/lib/python3.6/site-packages/pandas/io/parsers.py", line 936, in __init__
    self._make_engine(self.engine)
  File "/home/gaotang/jtt/venv/lib/python3.6/site-packages/pandas/io/parsers.py", line 1168, in _make_engine
    self._engine = CParserWrapper(self.f, **self.options)
  File "/home/gaotang/jtt/venv/lib/python3.6/site-packages/pandas/io/parsers.py", line 1998, in __init__
    self._reader = parsers.TextReader(src, **kwds)
  File "pandas/_libs/parsers.pyx", line 382, in pandas._libs.parsers.TextReader.__cinit__
  File "pandas/_libs/parsers.pyx", line 674, in pandas._libs.parsers.TextReader._setup_parser_source
FileNotFoundError: [Errno 2] No such file or directory: './celebA/data/metadata.csv'
wandb: Waiting for W&B process to finish, PID 248271
wandb: Program failed with code 1.  Press ctrl-c to abort syncing.
wandb: - 0.00MB of 0.00MB uploaded (0.00MB deduped)wandb: \ 0.01MB of 0.01MB uploaded (0.00MB deduped)wandb:                                                                                
wandb: Find user logs for this run at: wandb/run-20220622_222219-2wy5lig0/logs/debug.log
wandb: Find internal logs for this run at: wandb/run-20220622_222219-2wy5lig0/logs/debug-internal.log
wandb: Synced 5 W&B file(s), 0 media file(s), 0 artifact file(s) and 0 other file(s)
wandb: 
wandb: Synced super-surf-5: https://wandb.ai/gaotang/spurious_CelebA/runs/2wy5lig0

Done
Traceback (most recent call last):
  File "process_training.py", line 140, in <module>
    main(args)
  File "process_training.py", line 31, in main
    train_df = pd.read_csv(os.path.join(data_dir, f"output_train_epoch_{final_epoch}.csv"))
  File "/home/gaotang/jtt/venv/lib/python3.6/site-packages/pandas/io/parsers.py", line 686, in read_csv
    return _read(filepath_or_buffer, kwds)
  File "/home/gaotang/jtt/venv/lib/python3.6/site-packages/pandas/io/parsers.py", line 452, in _read
    parser = TextFileReader(fp_or_buf, **kwds)
  File "/home/gaotang/jtt/venv/lib/python3.6/site-packages/pandas/io/parsers.py", line 936, in __init__
    self._make_engine(self.engine)
  File "/home/gaotang/jtt/venv/lib/python3.6/site-packages/pandas/io/parsers.py", line 1168, in _make_engine
    self._engine = CParserWrapper(self.f, **self.options)
  File "/home/gaotang/jtt/venv/lib/python3.6/site-packages/pandas/io/parsers.py", line 1998, in __init__
    self._reader = parsers.TextReader(src, **kwds)
  File "pandas/_libs/parsers.pyx", line 382, in pandas._libs.parsers.TextReader.__cinit__
  File "pandas/_libs/parsers.pyx", line 674, in pandas._libs.parsers.TextReader._setup_parser_source
FileNotFoundError: [Errno 2] No such file or directory: 'results/CelebA/CelebA_sample_exp/ERM_upweight_0_epochs_50_lr_1e-05_weight_decay_0.1/model_outputs/output_train_epoch_1.csv'
sbatch: error: Unable to open file results/CelebA/CelebA_sample_exp/train_downstream_ERM_upweight_0_epochs_50_lr_1e-05_weight_decay_0.1/final_epoch1/JTT_upweight_50_epochs_50_lr_1e-05_weight_decay_0.1/job.sh
Traceback (most recent call last):
  File "analysis.py", line 227, in <module>
    folder for folder in os.listdir(args.training_output_dir)
FileNotFoundError: [Errno 2] No such file or directory: 'results/CelebA/CelebA_sample_exp/train_downstream_ERM_upweight_0_epochs_50_lr_1e-05_weight_decay_0.1/final_epoch1/'
