wandb: Currently logged in as: gaotang (use `wandb login --relogin` to force relogin)
wandb: wandb version 0.12.21 is available!  To upgrade, please run:
wandb:  $ pip install wandb --upgrade
wandb: Tracking run with wandb version 0.10.8
wandb: Syncing run summer-cherry-19
wandb: ⭐️ View project at https://wandb.ai/gaotang/spurious_CUB
wandb: 🚀 View run at https://wandb.ai/gaotang/spurious_CUB/runs/2e7i0770
wandb: Run data is saved locally in wandb/run-20220706_132316-2e7i0770
wandb: Run `wandb off` to turn off syncing.
Dataset: CUB
Shift type: confounder
Wandb: True
Project name: spurious
Target name: waterbird_complete95
Confounder names: ['forest2water2']
Up weight: 0
Resume: False
Minority fraction: None
Imbalance ratio: None
Fraction: 1.0
Root dir: ./cub
Reweight groups: False
Augment data: False
Val fraction: 0.1
Loss type: erm
Alpha: 0.2
Generalization adjustment: 0.0
Automatic adjustment: False
Robust step size: 0.01
Joint dro alpha: 1
Use normalized loss: False
Btl: False
Hinge: False
Model: resnet50
Train from scratch: False
N epochs: 291
Batch size: 64
Lr: 1e-05
Scheduler: False
Weight decay: 1.0
Gamma: 0.1
Minimum variational weight: 0
Seed: 0
Show progress: False
Log dir: results/CUB/CUB_sample_exp/ERM_upweight_0_epochs_291_lr_1e-05_weight_decay_1.0/model_outputs
Log every: 50
Save step: 10
Save best: False
Save last: False
Use bert params: 0
Num folds per sweep: 5
Num sweeps: 4
Q: 0.7
Metadata csv name: metadata.csv
Fold: None
Metadata path: results/CUB/CUB_sample_exp/metadata_aug.csv
Aug col: None

Reading './cub/data/waterbird_complete95_forest2water2/metadata.csv'
length of train_data:  4795
length of test_data:  5794
length of val_data:  1199
args fold:  None


WARNING: aug_col is not being used.


Training Data...
    waterbird_complete95 = 0, forest2water2 = 0: n = 3498
    waterbird_complete95 = 0, forest2water2 = 1: n = 184
    waterbird_complete95 = 1, forest2water2 = 0: n = 56
    waterbird_complete95 = 1, forest2water2 = 1: n = 1057
Validation Data...
    waterbird_complete95 = 0, forest2water2 = 0: n = 467
    waterbird_complete95 = 0, forest2water2 = 1: n = 466
    waterbird_complete95 = 1, forest2water2 = 0: n = 133
    waterbird_complete95 = 1, forest2water2 = 1: n = 133
Test Data...
    waterbird_complete95 = 0, forest2water2 = 0: n = 2255
    waterbird_complete95 = 0, forest2water2 = 1: n = 2255
    waterbird_complete95 = 1, forest2water2 = 0: n = 642
    waterbird_complete95 = 1, forest2water2 = 1: n = 642

Epoch [0]:
Training:
data_idx:  tensor([ 4436, 10439,  6571,  2888,  2508,  6979,  2065,  5142,  7866,  3577,
         5296,  5384,  2969,  5377,  6490,  3864,  6899,  1670,  6349,  4687,
         7647,  7730,  7976, 11073, 11053,  8598,  6528,  6476,   289,   387,
         6853,  9892,  6127,  4699, 11492,  1240,  6264, 11068,  6295,  9199,
         6274,  1286,  6202,  2454,    72,   990,  1348,  4837,  3236,  4840,
         9574,  4557,  1325,  5031,  8043,  9734,  4393,   478,  9225,  5279,
          150,  8785,   282,  3276], device='cuda:0')
/home/gaotang/jtt/venv/lib/python3.6/site-packages/torch/nn/modules/module.py:795: UserWarning: Using a non-full backward hook when the forward contains multiple autograd Nodes is deprecated and will be removed in future versions. This hook will be missing some grad_input. Please use register_full_backward_hook to get the documented behavior.
  warnings.warn("Using a non-full backward hook when the forward contains multiple autograd Nodes "
data_idx:  tensor([10701,  7655,  8362,  6662,  6134,  3947,  3900,  5209,  6837, 10084,
          304,  1771, 10429,  4896,  8400,  7255,  5053, 11438,  1455,  6094,
         3334, 10958,   517, 11735,  9042,  6791, 11214,  3963,  9142,  7758,
         5500,  3949,   869,  1997,  3255,  9233,  6785,  4702,  1741,  4789,
         5533,  7108,  6372,  2522,  7380,  7177,  9863,  6107, 11322,  6631,
         7321,  1758,  1206,  8235,   234,  5451,   188,  5993,  6290, 10188,
        10269,  1148,  2902,  8064], device='cuda:0')
data_idx:  tensor([ 1733,  8088,  5339,  1352,  4787,  3223,  3582,  4812,  7003,   759,
         5838, 10107,  6084,  8180,  3751,  8440,  4806,  1197, 10966,  6119,
         9515, 11604,  2346,  3609,  9031,  8846,   724,  6025,  3102,  3331,
         9386,  3755,  9798, 10460,  1359,  1680,  9196,  1814,  4458,  9915,
         1788,  5824,  4693,   668, 10526,  2438,  5647,  7098,  3587,  6856,
         4940,  7826,  6693,  6311,  2731,  4574,    85,  1106,  8893,  8700,
         6767,  1252,  7589,  1800], device='cuda:0')
data_idx:  tensor([ 2239,   551, 10066,  4775,  9923,  8634, 10639,  8063,  8706, 10689,
          476, 11148,  8168,   805,   861,  3801,   842,  5199,  3138, 10359,
         8837,  1464, 10964,  9030, 11411,  2310,  7616,  8365,    59,  1723,
        10574, 11374,  3207,  2094,  2713,  5391,  2797,   268,  4421,  8601,
         1880, 10246,  4659,   503, 10559,  5683,  5878,  4481,  3365,  3307,
         4701,  9023,  7790, 11332,  7813,  8465,  2620, 10049,  8357,  6464,
         2871,  5960,   330,  3346], device='cuda:0')
data_idx:  tensor([ 7466,  9947,  6059,  6171,  4006,  4568,  8749,  8193,  3738,  1278,
         5002,  8532,  3774,  7695,  8950,  8907, 10931,  3859,  8304,  1539,
         9312,  3689, 11517, 10723,    79,  9793,  2515, 10525, 11145,   257,
         4507, 11290,  1298,  9407,  8192,  8568,  8311,  9782,  8407,  2503,
         6479,  6081,  2869,  3179,  1406,  9604,  1823,  4922,  2826,  4556,
        11651,   880, 10872, 10821,  3029, 10850, 10239,  4791,   101,  2646,
         1023,  4272,  1162,  4397], device='cuda:0')
data_idx:  tensor([ 5976,  5548,  9437,  6697,  5506,  8354,  2052,  4987,  1184, 11308,
         4877,  2104, 11279,  7728, 10048,   226, 11523,     8,  9480,  3705,
        10563,  1766,  1078,  4509,  4066,  6635,  5722,   558,  2926,   953,
         7871,  3956,  3893,  7362,  4340, 11213,  3496,  1674,   587,  7604,
         5052,  6551, 11357,  1369,  9928,  1896,  7274,  5592, 11350,  7425,
        10334,  5108,  1428,  6347,  1603,  6023, 11725,  6933,  1301,  3773,
         5367, 11584,  8812,  4419], device='cuda:0')
data_idx:  tensor([  732,  8727,  6219,  9584,  6391, 10412,  5890,  5517,  1289,  5894,
        10669,  6917,   499,  1834,  5764,  3332,  8772,   466, 11195,  1685,
         5042,  9937,  1780,  7249, 10939,  8868,  5991,  1454,  2439,    42,
         2333, 10402,  2984,  6726,  4447,  8923,  2686, 11359,  5712,  1380,
         3544,   651, 10002,   392,  7562,  7228,  8880,  3802,  5755,  7266,
         4847,  2904,  5147,  6735,  3401,  5820,  1066,  9955,  2338,   698,
        11432, 11690,  8688,  4860], device='cuda:0')
data_idx:  tensor([10794, 10507,  8146,   475,  8159,  7577,  5930,  8191,  9744,    71,
         6742,   863,  2404,  5285,  8847,  4951,  8263,  1833,   979,  8606,
         6565,    48,  8499,   460,  1362, 11446,  6809,    80,  4077, 11327,
         3032,  7877,  9016, 10673,   300,   405,  8710,  3811, 10145,  7178,
         3483,  2446,  7996,  1402, 10995,  4415,  1879,  9191,  7847, 10112,
          984,  9879,  4300,   193,  7220,  2527,  3500,  5255,  2954, 11786,
         9665,  8631,  7123,  2721], device='cuda:0')
data_idx:  tensor([ 2810,  9114,  2288,  9363,  9022,  3064, 11459,  5562, 10248,  6646,
          973,   862, 11508, 11375,  4048,  6286,  9372,  4656,  9860,  5635,
         1367,   378,  7574,  8302,  4733,  9403,  7214, 11138,  9276,  3008,
          716,  2880, 10044,  3559,  5598,  2081,  3849,  8205,  4319,  2486,
         7699,  7112, 11154,  6434,  5230,  6913,  4434,  5542,  5799,  6148,
         1534, 11507,  8552,  1826,  3470,  3966,    41,  9638,  1483,  1838,
         1848,  7344,  5489,  4539], device='cuda:0')
data_idx:  tensor([ 4886,   986,   266,  9567,  9424, 10436,   394,  8293,  5154,   563,
         3508,  1041,  6051,  5603,  2989,  4341,   309, 10268,  6769,  3768,
         4673,  9184,  9626,  4182,  7787,  1414,  4991, 11557, 11381,  8046,
         9693,  5461,  8204, 10201,  2728,  7304,  3158,   598,  1033,  5134,
         4172,  7953,   991,  8720,   916,  4944,  1511,  2840,  3657,  4183,
         8635,  1228, 10065, 10211,  3733,  5043,  7822,  6141, 11402,  9498,
         7710, 10632,  3120,  2514], device='cuda:0')
data_idx:  tensor([ 5082,  8320,  8009,  8575,   946,  1319,  6470,  7170,  9202,  4200,
         2644,  3522,  3177,  8336,   477,  1276, 11282,  1327,   878,  2045,
         1774,  5707,  8290,  8586,  1824,  1656,  7231,  5802,  7293,  6393,
         2754,  4255,  5424,  5599, 11064,  6677,  2561,  9973,  5051,  5243,
         1460,   666,  9516,  1028,   402, 11590,   757,  3554, 11194, 10789,
         8019, 11037,  6022,  8571,  7854,  8636,   519,  8244,  1878, 10290,
        11497,  7543,  7062, 10247], device='cuda:0')
data_idx:  tensor([ 3388,  2209,  6027,  5865, 10264,  9593, 10159,  3987, 10345,  3458,
         1761,  4711,  4870,  7529,  6270,  7200,  4017,  2590,  1487, 11368,
         4296, 10506, 11156,  7569,  2113,  2786, 11366,  8957, 10259,  8011,
          987, 11454,  6474,  2407,  8946, 11754,  7757,  2191,  4265,  8228,
          859,   806,  9067,  4135,  1331,  7087, 10367,  6793,  8390,  9082,
         8895,  5263,  8701,  5661,  2386,  7030,  1444,  4691,  2854,  7825,
         5366, 10387,  7204,  2615], device='cuda:0')
data_idx:  tensor([ 7689,  1014,  5492,  2529,  7447,   331,  2049,  9104,  5018,  3239,
         6234,  8876,  7548,  2242,   202,  5169,  3639,  1820,  7633,  2054,
         5873,  8421,  8066,  6394,  1376,  2374,  3831,  9217,  3220,  4125,
         8414,  7045, 11188,  4490,   870,  9330,  1897,  3340,  4553,   220,
         9262,   638,  5522,  2400, 11035, 11354,  9575,  1561,  3384,  6727,
        11635,  8006,   692,  4327,  5746,  9500,   410,  8791,  8981,  5449,
         3649,  9514,   357,  6599], device='cuda:0')
data_idx:  tensor([ 8412,   950,  1186,  5267,  2757, 10018,  3772,  2855, 11529,  1090,
         5895,  3146,  4136,  7702,  8075,  9446,  2093, 11036,  3543,  1164,
         5010,  7820,  9274,  8670,  3423,  4477,  8862,  7882,  4231,  7869,
         1726,  4713, 10214,  2270,  8200,  8818,  7874,  1039, 11479,  2252,
         2387,   901,  3397, 11321,  5879,   365,  4423,  3507, 10978,  1687,
        10263, 10955, 10730, 11568,  8415,  3157,  9625,  7526,  6139,  3696,
         9325,    19,  5833,  7416], device='cuda:0')
data_idx:  tensor([ 2913,  8025,  8100,  5563,   115,  9380, 10143,  6983,  7115,  2707,
         4210,  2780,  2395,  4571,  5111,  2660,   899,  9103, 10185,  4141,
         5697,  7797, 11058, 11693,  1052, 11111,  3605,  1110,  2512,  9145,
         3739,  3233,  3780,  4428,  1403, 10450,  4359,  7102,  4258,  6698,
         9028,  6738,  9399, 10265,  6613,  1570,  1373,  9550,  6890, 11092,
         3240,   465,  8526,  8490, 10851,  1413,   876,  1342, 10717,  1589,
         9143,  4764,  7817,  7184], device='cuda:0')
data_idx:  tensor([  661, 11288,  3844, 10119,   255,  9681,  7162,  7219,  7514,  6968,
         7007,  2525,  5580, 10371,  1911, 10968,  3571,  9854,  8587,  9013,
         2448,  6954,  2384,  7681,  2683,   866,  6579,  1888,  8535,  5849,
         1597,  8885,  9714,  2001,  2787,  9306,   971,  1463,  2614, 11083,
         6522,  3046,   263,  8789, 10807,  1383,   777,  1190,  1618,  4229,
         4569,  1768, 10004, 10581,  2489,  6505,  5934,  7764, 10206,  7656,
         6250,  3166,  1077,  6184], device='cuda:0')
data_idx:  tensor([ 9965,  5453,  2262,  7607,  8707,  2344,  3784,  6804,  7202,  3231,
          858,  2767,  7331, 10680,  2143,  4353, 11082,  8178,  4274, 11663,
         4779, 10664,  4189, 10971,  4581,  8141,  3142,  1621,   375,  3362,
        11209,  5359, 10033,  8682,  6509, 10813,  9058,  7452,  5157,  5665,
         1468,  9858,  5321, 11157, 11355,  8426,  4549,  4522,  9611,  6720,
         8583,  2290, 10182, 10835,  1636, 10106,  9039, 10152,  8684,   628,
         1973,  7523,  3911,  4928], device='cuda:0')
data_idx:  tensor([ 5630,  4867,  1397, 10480, 11442, 10320,  3274,  9655,  6513, 10236,
         6628,  8000,  4222,  5936,  4266,  9054,  4256, 11696,  2979,  9241,
         1100,  6660,  4193, 10637,  1490,  3237,  8960,  8270,  1326,  5851,
         2864,   911,  2741, 11344,  3173,  3429,  9810,   514, 10625,  1906,
          469,  5356,  4960, 11737,  7263,  6828,  6772, 11521,  5347,  2859,
         7089,   871,  6386,   962,   840,  3280,  3866, 11223,  2963,  6926,
          510,  6461,  1688, 10303], device='cuda:0')
data_idx:  tensor([ 5399,  1568,  3347,   592,  5834,   714, 11338,  4288,  1503,  9968,
         1977,  5407,  8130,  8409,  8150,  6640,  5457,  3027,  7242,  3043,
        10304,  7687,  1072,  5380,  7194,  3708,  9252,  1990, 10942,  6387,
         5868,  6589,  2246,  4852, 11715,  7939,  3664,  7432,  9524,  1551,
         1684,  8084,  6819,  5901,   718,  1255, 11771, 11605,  4426,  9227,
         8298,   279,  2705,  2223,   595,  2843,  8405, 10219,  3019, 11704,
         2744,  2534,  8109,  3511], device='cuda:0')
data_idx:  tensor([ 6310,  7844,  1764,  1841,  2358,  2586,  5829,  4031,  5355,  5969,
         1981,  6480, 10445,  9964, 11641,  1485,  3234,  4330,  2520,  1051,
          811,  5152,  4894,    96,  3890,  2325,  6895,  6245,  5277,   262,
         1446,  4679,  7638, 10161,  5184,  1079,  5703,  9100,  8519,  6016,
         7867,  1128,   366,  6067,  9961,  9963,  6041, 10760,  9881,  5474,
         9501, 10261,  7603,  3462,  2893,  7698,  6153,  8308,   432,  1354,
        10892, 10780, 10570,  3853], device='cuda:0')
data_idx:  tensor([  662,  7358,  6352,  8022,   561, 11667,  2771,  8768,  5889,  5235,
          945,  9301,  5715, 10541,  5645, 11564,  2689,  9254,  9431,  4027,
        11515,  1700,  8952,  8166,   659, 11002,  6684,  5967,  3806,  7247,
        10229,  3264,  8128,  8912,  4892,  4899, 11681,  4342,   800,  7426,
         9694,  9929,  2717,  9467,  8095,    10, 10898,  2428,  6992,  9124,
         4748,  3800,  9680,  4945,   167,  5704,  3344,  9674,   958,  8716,
         7672,  5947,  4123,   565], device='cuda:0')
data_idx:  tensor([11066,  5791,  2572,  7816,  7100,  6665,  6848,  1540,   919,  4241,
         8429,  4676,  2814,  5079,  3737,  8731,  3188, 11299,  6078, 10820,
        10262, 10623,   827,  7429,  4976,  6346,  2136,  5481,  1207, 11385,
        10155,  8103,  4785,   290,  1600,  7731,  2696,  6237,  4971,  2756,
         2653,   158,  2371,  4081,  8266,  3022,  7199,  8007,  8888,  5761,
         8089,   981,  3794,  3196,    40,    57, 10993, 10432, 10658,  6284,
         7759, 10189,  7830, 11662], device='cuda:0')
data_idx:  tensor([ 2665,  9273,  1458, 10759,  5880,  4805,  8555,   373,  1556,  2554,
        11112,  3091,  6356,   312,  5088,  6572,  6512,  4164,  1073,   397,
        11146,  1751,   112,  3872, 10740,  6888,  3740,  5830,  6751,  8122,
        10454,  7599,   740,  8369,  7513,  8112,  4955,  1991,   283,  3228,
         3912,  2300,  1156,  7001, 11128,  3598,  9183,  5961, 11285, 10791,
         4603,  1357,  2088,  5266,  7815,  7533,    63,  5893, 11119,   139,
         7020,  8793,  9062,  5034], device='cuda:0')
data_idx:  tensor([ 2553,  1713,  7956,  9420,  4028,  8339,  7213,  6810,  4026,   247,
         7693,   755,  4129,  9073,   821,  4362,  9967,  5162,  8687,  1750,
         7669,  2749,   103,  5650, 11544,  7398,  6477,  7676,  6545,  3724,
         5560, 11656,  1929,  9615,  6116,  7846,  1819,  5527,  9752,  2442,
         7285,  9580,  9809, 10202,  9457,  6021,  6287,  6949,  1591,  2953,
         1669,  3719,  7550,  1972,  5234,   743, 10314, 11120,  2224,  4146,
        10604, 11410,  9976,  6289], device='cuda:0')
data_idx:  tensor([ 3628, 11091,  5128,  2975, 10100,  1026,  8056, 11081, 10919,  7885,
         8051,  7369,  8823, 10852,  4439,  4538,   828,  5414,  3421,  6934,
         5270,  1809,  9569,  1321,  7701, 10853,  3573,  7374,  1439,  5578,
         9769, 10072,   729, 10270, 11639,  1763,  9213,  4253,  4308, 10764,
        11247, 11087, 10458,  7481,  8988,  8211,  9088,   769,  9619, 10877,
          116,  5248,  3310,  3069,  3607,  3160,  8217,  8798,  5789,  2915,
         3960, 11318, 10434, 11541], device='cuda:0')
data_idx:  tensor([ 3053,  4198,  8813,  3249,  4102,  8569,  2965,  9035,  1244,  9874,
         9401,  7216,  3532, 11450, 11434,  5183,  6680,  3974,  4723,  8236,
         1277,  8561,  4520,  1836, 11182, 10644,  8809,  2971,  5015,  2316,
         9190,  4153,  3662,  4950,  9460,  5301,  3093, 11107,  3627, 11340,
          260,  2102, 10007,  5544,  2068,  6731,  7131,  6256,  7904,  3025,
         3002,  3076,   459,  5781,  2518, 10212,   922, 10974,  7565,  1877,
        11253,  4014,   681,  4858], device='cuda:0')
data_idx:  tensor([ 2197,   248,   719,  3436,  6774,  2597,  4250,   780,  6006,  9602,
         7934,  5261,  3533,  9909,  9866,  4949,  5195,  5125,  7617,  9606,
         7294, 11552,   855,  6460,  3396,  4759,  7653,  1323,   293,  7106,
         6587,  3267,  1223,  9027,   488,  8733,  3176,  8763,  2154,  7005,
         1337, 10070, 10427,  2929,  8963, 10775,   301,  8334,  4728, 11161,
         1638,  6679,  3141,  3287,  7749,  2431,  7644,   494,  8805,  9518,
         7157,  5174,  3336,  2064], device='cuda:0')
data_idx:  tensor([ 5268,  5898,  9222,  3652,  7210,  7571,  2078,  6438,  2642, 11225,
         8624, 11721,  2636,  8190,  1019,  1679,  3818,  6415,  4646,  2793,
         6319,  2687,  8182,  9119,  2894,   754,  6213,  3182,  9133,   464,
         3534,   934,  6713,  7253,  6622,   205,  2046,  1451,  1213,  8013,
         4761,  5918,  4379,  4776,  1580,  1440,  6361, 11506,  8660,  6389,
         5022,  8186,  4346,  7911,  4783,  6989,  9090,  3590, 10167, 10691,
         3545,   504,  1976,  8828], device='cuda:0')
data_idx:  tensor([  856,  2160,  1581,  4897,  3400, 10074,   135,  9833,  3810,  6324,
         7271, 10675,  1849,  6696,  9935, 11217,  4671,   252, 10589,  4111,
        10960,  3199,  6469,  9092,  1166,  3574, 10904,  2655,  3930,  8497,
        10629,  9189,  4550,  3904,  2755, 10001,  6036,  8300,  4092,  3393,
         8250, 11646,  1310, 10190, 10279,  8143,  9069, 11315,  9387,  1801,
        10987,  5023,  4645,  8605,  5555, 10773,  2419,  3873,  6944,  9646,
         8093,  6282,  3700,   793], device='cuda:0')
data_idx:  tensor([  864,  5038,  8378,   974,  7367,  3644,  8982,  9561,  4156,  5825,
         3613,  9650,  6863,  5841,   272,  9649,  8176, 10344, 11268, 11234,
         6538,  5891,  2501,  6188,  5726,  5322,  8914, 11463,  6535,  1683,
         9482, 10549,  6073, 11088, 10409,  5511,  5987,  2681,  8482,  1952,
         2641,  7391,  4068,  5013,  5674, 11390,   822,  1739,  6045, 10374,
         7454, 11701,  5361,  8082,  8717, 10608,  4566,  1438,  8479,  3094,
         8338,  8201,   237,  4654], device='cuda:0')
data_idx:  tensor([ 5949,  1891,  8042,  9125,  7392,  7002,  1532,  6248,  9209, 10435,
        10497,  1960,  5062,  4993,  1333,  3886,  4289,   400,  9885,   574,
         2060, 10887,   844,  2758,  6814,  4628,  6820,  5965,  9317,  2723,
         1281,  9463,   745, 10757,  1212, 10647,  8584,  1526,  4243,  3861,
         6305,  6885, 10465, 10170, 10788,  8830,  7512,  7119,  8750,  1241,
         8625,  9240,  5143,  8207,  3915,  6924,  4075,  7507,  2385,  8406,
         9621,  7037,  4159,   358], device='cuda:0')
data_idx:  tensor([ 6060,   667,  8208,  2883,  7484,  9511,  3654, 10349,  7717,  8852,
        10490,  8976,  8883,  6187, 11218,  8771,  7065,  1616,  9165,  8370,
         7875,  3348,  3935,   165,  4217, 10404,  5041,  7684,  9210,  4634,
          612,  7909,  4056,   267,  7234,  8457,   242,   560,  4771, 10999,
         1830,  8101, 10346, 10925,  9162, 11718,  3422,  1105,  1662,  9823,
         3564,  8934,   575, 10539,  4148,  5769,  8996,  7500,  6546,  1769,
         6440,  6908,  8169,  8835], device='cuda:0')
data_idx:  tensor([ 2184,  6605,  6232,  3838,  9987,  3374, 11609,  3440,  5304,  1637,
         1832,  8543, 10244,  5757,   894, 11278,  6891,   775,  2701,   883,
         7987,  1498,  9543, 11727,  3164,    17, 11298,   481,  3566,   214,
         6957, 10912,  6824, 11046,  6276,  3116, 10848,  1919,  6365,   374,
         6534,  6181,  7295,  2747,  6420,  8877,  9443, 10707, 11745,  3373,
         2124,  4690,  5690, 11579, 10977,   110,   534,   689,  1180,  4220,
        10348,  3852, 11751,  9700], device='cuda:0')
data_idx:  tensor([ 1427,  1302,  1231, 10906,   618,  8924,  8990,  5911,  4800,  3505,
        11539,  5921,  1671, 11239,  7058,  4115,  3442,   141,  1048,   436,
        10327,  6177,  6724,    45, 10690,  9404,  6831,  6704,  5374,  1374,
        11267,  7716, 11447, 11178,  4606,  6165,  4567,  2254,  6069,  5720,
         8515,  7483,  4685,  4906,   391,  8115, 10156, 11511,  4235,  7845,
         4736,  5743,  7196,  7150,   294,  2135,  6168, 11094, 10403,  5695,
         7431, 10822,  8106,  8160], device='cuda:0')
data_idx:  tensor([  426, 11633,  4409,  4909,  6951, 11634,  8145,  8216,  2322,  7664,
         9712,  6279,  9690,  9706, 11007,  6776,   567,  7913,  1786, 11595,
         2479,  2667,  7899,  6350, 10979,  5662,  3699, 10491,  8111,  6217,
         7153,  5844,  5510,   363,  1009,     1,  1238,  4580,  6904,  9669,
         1578,  2077,  9019,  5476,  1099,   873,  3206,  3285, 11250,  1124,
         5175,  5848,  2638,  8132,  2650, 11133,  9483,  9414,  4541,  7372,
         2500, 10716,  3821,  2945], device='cuda:0')
data_idx:  tensor([ 2168,  4561,  1021,  4455,  3282,  1765,  4811,  9728,  4023,  8937,
         7027,  7521,  3424,  5497,  8656,  9243,  4475,  7201,  1634,  9723,
         3450,  6150,  2198,  3041,  2324,  3714,  5313,  6131, 11612, 11474,
         4406,  5641,  7034,  9236,  4095,  1203,  9057, 10676,  8844,  7048,
        10873,  7233,  1932,  8418,  7259,   761,  3516,  6533,   338,  7081,
         5553,   473,   246, 10883,  1587,  7165,  8493, 10035, 11510,  5708,
         3723,  5286,  3201,  6382], device='cuda:0')
data_idx:  tensor([ 1937,  4116,  9157,  5086,  8646,  3729,  7464,  7625,  4320, 10582,
         1746, 11165,  5628, 10022,  4331,  8760, 10199,  5066,  1193,  6385,
         9703, 11022,  7648, 10799,  5314,  4349,  5593, 10419,  8942,   120,
         9408,  7107,  7889,  7244,  3259,  2930,  4737, 11005,   721,  5417,
         5617,   114,  7437,  2368,  1698,  7070,  2466,  6142,  1492,  4315,
         9117,  4237,  2583,  7712,  4157,  2722, 11205,  2216,  9558,  9531,
         1548,  4281,  8255, 11422], device='cuda:0')
data_idx:  tensor([10532,   401,  5016,  8428,  5341, 11363,  4142,  1649,  4937,  2831,
         3865,  9323,  8804, 11625,  7038,  1641,  6928,  2303,  4508, 11680,
         6263,  8940,   275, 11108,  3118,  8680,  3842,  7264, 11292,  9873,
         5441,   580,  5173,  7715,  8517,  4034,  4404,  1200, 11714,  8384,
         3746,   656,  8961,  4984, 11219,   543,  9908,  2776,  1377,  9426,
          978, 10592,  6120,  5241,  2523,  2837,  3994,   496, 10737,  7827,
         3345,  9624,  4903,  4956], device='cuda:0')
data_idx:  tensor([ 8965,   445,  1146,  9883,  1673,  9800, 11781,  3753,  3519,  8376,
         2849,  9588,   292,  2008,    34,  2898,  7685,  5521, 10656, 10594,
         3756,  2383,  3735,  2860,  5753,  7088,  4384,  3730,  2594,  7834,
         2931,  9459,  4555,  6666,  1144,  1948,  6065,   734,  6658, 10849,
         8322,  2021,  2600,   792,  6315,  1510,  2557,  3840,  1388, 10565,
         8124,  1379,  2253,  5245,  9730,  6987,    36,  4523,  6794, 11571,
         8402, 10318,  2421,  9861], device='cuda:0')
data_idx:  tensor([10502,  2276,  3067, 10967,  5007,  6300,  7156,  7620,   715,  1951,
          619,  1812,  1113,  6291,  8033, 11697,  1154,   541,   367,  7473,
         5170,  1904,  7957, 10509,  4305,  6442,  9105,  5349,   905,    88,
         2562,  5232,  8171,  1112,  4996,  3809,  7686, 11758,   993,  5689,
         1237,  9652,  9978,  1817,  7160,  5293, 10276, 11070, 11780,  9106,
         4470,  1018, 11331,  3359,  1822,  1269,  2961,  9137,  9294,  8305,
         7126,  8444,  4113, 10784], device='cuda:0')
data_idx:  tensor([10013,  1195,  8973,  7110, 10917,  4652,  2968,  9075,  4893,  1209,
         8434,  5887,  4839, 10709,  7963,  9779,  2425,  9953,  9759,  4040,
         9505,   590,   490,  5238,  8611,  5687,  8410,  1452,  5468, 11153,
         4911,  1917,  1336,  5839,  9520,  9539,  3692,  3101,  5120,   316,
         5207,  2703,  3370,  4664,  4598,  5963,  1675,   495,  8516,  4967,
         1102,  1640,  1114,  1743,  8827,  6775,  7052, 11236, 10501,  6126,
         3680,  4819,  8179,  7837], device='cuda:0')
data_idx:  tensor([ 2607,  3539,  8091,  6487,  8225, 10494, 10423, 11505,  7965,  3335,
         6218,  6988, 11583,  6748,  6872,   485,  8850,  3669,  9934,  7324,
         5572,  8800,  2575,  1853,  2986,  9336,  7773,  9595,  7632,  2220,
         5875,   322,  7418,  2394,  1183, 10101, 11346,   625,  8343,  4431,
          501,  8448, 11764, 11291,  1251,  9368,   693,  6215,  8377,  5137,
         7041,  4768,  2319,  5148,  3485,  9856,  7870,  9843,  7743,  2151,
         9582,  5471,  5090, 10812], device='cuda:0')
data_idx:  tensor([11008,  4488,  3475,  1876,  1802,  4866,  7554,  6537, 10377,  7839,
         6304,  2585,  3847,  9021,  2808,  2565,   671,  6756,  8525,  2932,
         8550, 10782,  4744,  7141, 10274,  5303, 10323,  7370,  4239,  1227,
        11685,  4438,   994,  5679,   318,  4344, 10588,  6844,  2260,  1668,
         4163,  9490,  4022, 10771,  3691,  6573,   440,  7563,  7769,   183,
         7193,  7273,  7419, 11600,  7366,  1025,  8114,  4848,  5312, 11131,
        10397,  7326,  9671,  2643], device='cuda:0')
data_idx:  tensor([ 9607,  1518, 11621,  9128,  4373, 10178,   791,  3037,  7540,  1869,
         2942,  8483,  4126, 10496,  5810,  9203,  3586,   940,  4067,  5211,
         4238,  5962,  1353,  5677, 10249, 11158,  8162,  2447,  3791,   280,
         6945,  7347,  1416,   522, 10540,  3747,  2234,  8533, 10612,  6447,
          768,   389,  9645,  1756, 10085,  2112,  1119, 11386,  1249, 10417,
         4936,  3333,  3996,  5552,   951,  7690,  3616,  2397,  2355,   701,
         6681,  5240, 10801, 11293], device='cuda:0')
data_idx:  tensor([ 7527,  7311,  9091,  5130,  1499,  3313,  1577, 10406,  6958,  9571,
         6585,   530,  6024,  4558,   244, 11676,  3589,  3761,  4489,  5247,
         8999,  7074,  9852,   599,  1620,  6207,  3039,  4953,  1488,  7461,
         1279, 10889, 10938,  1057,  3235,  2601,  1050,  3742,  9064,  3296,
        10738,  8157,  1989,  1805,  1584,   629,  6002, 11301,  1969,  3674,
         7229,  1006,  1571, 10305,   265,  1898,   669,   888, 10619,  2227,
         2116,  9020,  8285, 10026], device='cuda:0')
data_idx:  tensor([ 4766,  5905,  9708, 11684,  1419,  3717,  1129,  7056,   980,  8655,
         6087,  7494,  1151,  9393,  8495,  5778,  7322,  7568,  9900,    55,
         6110, 11666,  1360,  8544,  1109, 11021,  2109,  2698,  6827,  9787,
        10062,   256,  8323,  5480,  7054,  2725,  1657,  5098,  6416,  6308,
         3463,  5284, 10841,  5443,   284,   654,  8986,  1623,  8098, 10356,
        10991, 11581, 11126,  2332,  1543, 10642,  7495,  7028,  2824,  4716,
          127, 11198,  2416,  8865], device='cuda:0')
data_idx:  tensor([ 2563,  6222,  5440,  1082,  9334,  5912,  8563,  5980,  5557,  9849,
         8842, 11556,  6317,  7458,  5634,  6993, 10686,  3162,  1165,  2271,
         2470, 11484,  5608,   203,  5636,  4444,  6757,   936,  2549,  5392,
         2002,  9149,  2881,  9201, 10415, 11659,  4809, 11464,  6019,  5418,
         4422,  3919,  1311,  1064,  4453,  2250,  6936,  1138,  4278,   985,
         1250,  4608,  8470,  6517,  6454, 10510,  7960,   227,  9562, 11427,
         4992,  9756,  3940,  9373], device='cuda:0')
data_idx:  tensor([ 1507,  2070,  2432,  4391,  9972,  5046, 10096,  5442,  1204,   930,
        10461,   144,  4427,  5047,  6699,  3144,   140,  5859,  2406, 11720,
        10517, 11670, 11237,  2089,  5400,  3112,  4857,  6822,  9905,  4564,
         4360, 10183,  5403,  8665,  2343,  8773,  4781,   221,  3816,  2740,
         7799,  5946,  8799,  5156,  9824,  6870,  6182,  3461,  7555,  2240,
         3983,  4849,  8662,  3889,  6621,  3541,  6733,  7185,   296,  9940,
         9017,  1514, 10692, 10956], device='cuda:0')
data_idx:  tensor([ 2938,  2895,  1306, 11620, 10903, 11085,  6457,   337,  3015,  8906,
        10802,  2342,  5302,    35,  3560,  9722,  9316,  5260,  4298,  6030,
         5309, 11215,  4029,  1140,  4876,  2053,  2247,  9077,   298,  9746,
          731, 10410,  9945,  9410,  9313, 10401,  9428,  2237,   201, 11769,
         1123,  2567,  9356,  9350,  3156,  1125, 11488,  8399,  4448,  2266,
         4898, 11611,  2139, 10122,  5180,  4827,  3798, 10168,  3148,  4262,
          325,  6249,  1457,  9339], device='cuda:0')
data_idx:  tensor([  812,  6862,  8455,  2067, 10073,  3921,  5627,  2944,  7631,  7415,
         2517,  2483,  3594,  5358,  4054,  1644,  9735,  2150,  4015,  7467,
        10475,  1504,  8202,  4405,  7947, 10829,  6567,  4929, 10742,  1689,
         6439,  3932,  3823,  6325,  5945,  1730,  2544,  6212,  6129,  6925,
         8360,  8859,  3497,  2863,   288,   408,  2505,   606,  7073,  1928,
         3309,  6459,  6096, 10213,  8547,  1547,  6062,  5610,  6189,  5432,
        10313,  2997, 10413,  9366], device='cuda:0')
Average incurred loss: 0.606  
Average sample loss: 0.606  
Average acc: 0.738  
  waterbird_complete95 = 0, forest2water2 = 0  [n = 2322]:	loss = 0.477  exp loss = 0.418  adjusted loss = 0.418  adv prob = 0.250000   acc = 0.957
  waterbird_complete95 = 0, forest2water2 = 1  [n = 129]:	loss = 0.419  exp loss = 0.375  adjusted loss = 0.375  adv prob = 0.250000   acc = 0.984
  waterbird_complete95 = 1, forest2water2 = 0  [n = 35]:	loss = 0.956  exp loss = 0.968  adjusted loss = 0.968  adv prob = 0.250000   acc = 0.000
  waterbird_complete95 = 1, forest2water2 = 1  [n = 714]:	loss = 1.044  exp loss = 1.132  adjusted loss = 1.132  adv prob = 0.250000   acc = 0.017
data_idx:  tensor([ 1308,  8927,  9390, 10511,  5979,  6195,  1789,  7626,  6026,  4411,
         7706,  1299,   610,  3430,  2057,  7597, 10755, 11271,  4630,  5078,
         8735,  7518,  7772,  3771,  9359,  7300, 10700,  7277,  4607,  6293,
         4746,  9664,  9552, 10037,  7215, 11180,  6771,  9676,  1364,  2245,
         7789,   726,  2542,   305, 10308,  6881,  3481,  3660,  1956, 11014,
         9845,  4361,  1944,  6410, 10862,  8766,  2186,  6816,  4618,  9813,
        10560,  3892,  2012,  8642], device='cuda:0')
data_idx:  tensor([ 2418,  9773,  9868,  4433,  8542,  7459,  3617,  7823, 11155, 10425,
         5354,  1676,  5929,    52,  9166,  1940,  9663,  8860,  3342,  2584,
         1854,  1590,  7697,  4619, 10113,  7981,  4547,  3619, 10876,  8335,
         7751,  3863,  3278,  5772,  6714, 11059,  5127,  9711,  8715,  8573,
         3785,  4722, 10381,  2391,  9272,  1840,  4018,  9637,  4843,  9954,
         5369,   938, 11490,  5167,  6095,  3023, 11593,  6337,  3501,  6166,
         6357,  6463,  3425,  2341], device='cuda:0')
data_idx:  tensor([ 7479,  6246,   630,  1368,  7860,  5620, 11528,  1235,  5863,  2177,
         7796,  1038,  7994,  4414,  7097,  8003,  1068,  8724,  9544,  3570,
          705,  8291,  3001,  9224, 11055,  7971,  8342,  7307,  7534,  3404,
          818,  3909,  4518,  3214,     6,  8436,  9111, 10179,  9477,  2123,
         4432,  9264,   909, 10286,  9778, 10884,  9287,  8005,  6417,  6937,
         3269, 10913,  8786,  4725,  9946,  1546,   142,  1473, 10123, 10428,
          832, 10558,  6675,  3868], device='cuda:0')
data_idx:  tensor([ 2331,  5129,  6190,  2298, 10685,  8230,  9270, 10393, 11362,  6401,
         4803,  8294,  3087,  4390,  3517,  2662,  2890,  7739,  6986,  2889,
        10151,     4,  4872,  7306,  7122,  3860,  3887,  2910,  1598,  8220,
         1139,  2666, 11100,  8672,  9161, 10243, 11095,  4905, 11773,  3971,
         9768,  6915,  2017,  7570, 10703, 10833,   927,  3793, 11730, 11642,
         4267,  1962,   611,  1134,  6241, 11006,   124,  8743,  6846,  8393,
        11603, 11197,   586,  1054], device='cuda:0')
data_idx:  tensor([11470, 10578, 10235,  8732,  3051, 10116,   809,  3042,  6643,  2733,
        10362,  5903,  3951,  3736,  6960,  9099,  4464,  1851, 11531,  8074,
         2468,  4104,  1829,  5950,  2921,  3492,  4038,  2146,  3151,   627,
         6080, 10662,  9780,  8373,  4808,  6802,  8932, 10633,  1686, 10990,
          964,  4165,   340,  6978,    61,  1345, 10943,  6561,  3901,  8471,
         4369,  5556,  8218,  8851,  2261,  1290,  5095,  8349,  9925,  1044,
         4963,  7567,  3945,  5581], device='cuda:0')
data_idx:  tensor([  594,  6929,  8522,  4277, 10733,  6750,  6108, 11435,  2181,  1706,
         6673, 11439,  4512,  7967,  9005, 11400,  9208,  3428,  6229,  5907,
         5744,   676, 11263, 11020,  1086,  5823,  5006,  2196,  6502,  7928,
         1084,  7015,  8034,  3277,  8353,  2870, 11415,  7413,  1719,  9268,
         4030,  9830,  3965, 10198, 10277,  1307,  3131,  8686,  8391,   959,
          431,  5874,   104,  8588,  2390,  3048,  1356,  2700,  5942,    95,
         2625,  3538,  8645,  8461], device='cuda:0')
data_idx:  tensor([ 1196, 11465, 10697,   966, 11391, 10343,  6428,  7898,   420,  4413,
         5933, 10148,  9011,  6392,  9344,  7013, 11478,  5074,  1031,  6653,
         9310,  4700,  3270,  8602,  9445,  4694,  6603,   354,  3677,  1566,
         7044,  1218,  2624,  4154,  9581,  6906, 10019,  7868,  3941, 11147,
        11654,  9422,  7936,  5163,  7750,  6729,  1001,  2856,   415,  4268,
         9260,   983,  5438, 11405,  3558,  2485,  6488,  2377,  7891,  9733,
          334,  7542,  3095,  4301], device='cuda:0')
data_idx:  tensor([ 4155,   641,  8232,   532,  6445,  1527,  4007,   332, 11049,  6183,
         8591,  3954,  1417,  8713,    31,   327,  6564, 10714,  1971,  8501,
         5701,  1297, 11106,  5075,  8037,  2265,  2349,  6606,  4769,  7287,
         6803,  3439,  2947,  1295,  8367,  1509,  8278,  7217,  4497,  3694,
         6559, 11264, 10621, 10606,   644,  5591,  6752,  4756,  8815,  5466,
         6857,  3319,  2043,  3204,  6057,  3531,  5259,  9255, 10142,  2637,
         6879, 10110,  8834,  6123], device='cuda:0')
data_idx:  tensor([ 8956,  9059,  9436,  2509,  2671,  2153,    74,  3903,  8116,  8472,
         1652,  9840,  5770, 11766,  8969,  7377,  8001,  5899, 10756,  7128,
        11440, 11071,   712, 10551,  1459,  2016,  4483,  9050,  7116,  1588,
         8765,   384,  8699,   647,  3620,  5415,  5039,  5350,  5269,  1258,
         2082,  3114,  2678,  6413,  7895,  9349,  8340,   321,  1313,  5115,
         5236, 10699,   468,   893,  2363,  2592,  7591, 11187,   361,   835,
          753,  8264,  1602,  9036], device='cuda:0')
data_idx:  tensor([  163,  1622,  2511,  2295,  8045, 10003,  8567,  3121,  1287,  8054,
         7615,  6020,  2457, 11075, 10405,  7978,   277,  7783,  4834,  5186,
           14,  6255,  5821,  2664,  6398,  8758,   333,  3372,  6689, 11228,
         7694,  8675,  1757,  9740,  6223,  6961,  4798,  6985,  6242,  6982,
        10952,  2022, 11060,  1725,  7363,  2622, 11572,  3999, 10335,  3434,
        11509, 11553,   906,  5307,  6780,  2611,  7297,  9600, 10408,  5698,
         6329,   600,  2538, 11761], device='cuda:0')
data_idx:  tensor([11074,  7258,  9803, 10158,  6667,  8703,  3088, 11176,  9634,  4333,
         1867, 10933,  8509,  9811,  3338,  3466,   147,  5516,  9040,  4947,
         2323,  2101,  9160, 10208,  9537,  5460,  2401,  4242,  1720,   395,
         4821,  8485,  5700,  7140,  3969,  3271,  3711, 11709,  9525,   175,
         2231,  2424,  4668,   430,  7968,    77, 11618,  9205,  5126,  5780,
         6762,  9385,  4677,  6348,  2943, 10793,  6705,  8548,  1202,  9670,
         5141,  7269,  4354,  8647], device='cuda:0')
data_idx:  tensor([ 9441, 11396,  8678, 11192,  2105,  5357,  8262,  9416,  7443,  6701,
         1407,  5423,  9877,  6040,  6266, 10017,  6886,  9530,  4169, 10014,
          451,  3834,  3122,     3,  2697, 11173,  7286,  3953,  1573,  5091,
         4442,  1474,  3745,  2906,  8452, 11184,   463,  7361,  1902,  8608,
         7560,  7463,  7460,  6193,  8102,  2165,   616,   428,  4742,  7022,
         6597,  1931,  1970,  3671,  8565,  6875,  3216,  3186, 10251,  2115,
         3305,  4615,  5831,   186], device='cuda:0')
data_idx:  tensor([11428,  3693,  5534, 10139,  4682,  3262,   480,  8582,  3084,  7163,
        10981, 10125,  2396, 10329, 11353,  7810,  6539,  1950,  7640,  7135,
         7085,  8620,  1778,  4859,  6489,  2885,  1188,  9290,  8836,  1913,
        10242,  3515,  5777, 10963,  5146,  8458,  4457, 10659, 10800,  7409,
          548,  6554,  3361,   528,  1003,  8137,  6725,  9321,  4517,  5600,
         7226,  2794,  8781,  5719,  7284, 11597,  7186,  7657,  3848,  8926,
        11019, 11305,  7727, 11243], device='cuda:0')
data_idx:  tensor([ 7389,   597,  8948,   817,  5214,  9659,  6179,  9282,  9226, 11532,
         6973,  5193,   417,  4854,   320,  3995, 11105,  4616,   306,  3686,
          874,  6239,  6007,  2476,  5064,  7237,  3387, 11588,   750,  9556,
         6884,  6514,  3871,  2055,   121,  1646,  5795,  9692,  4631,  4240,
         9897,  4347,  2536,  2663,  3961,  3608,  5792,  7043,  2278,  4530,
         6478,  4968,  3604, 10552,  9857,  2084,   787,  3381,  8254,  4613,
         6101,  5338,  5288, 10895], device='cuda:0')
data_idx:  tensor([  335,  2628,  8755,  7618,  2640,  6034,  8730,  6648, 10485, 10128,
        10024,  6446,  9542,  9749,  3670,  4233,  4106,  1974,  4357,  7078,
         6121, 10601,  5416,   554,  3636,  4112,  5594,  7920,  4638,  6668,
         1922,   377,  3557,  3213,  4091, 11384,   813,  9764,  8838,  1920,
         6817, 10008,  8797,  8120,  9821,  1245,  3888,  3034,  9093,  1553,
         7379,  9085,   774,  9791,  5619,  4579,  4919, 10762,  5629,  8280,
         7428,   646,  2011,  3948], device='cuda:0')
data_idx:  tensor([ 1170,  8301,  4881,  3198,  7206,  7143,  6227,  3814,  1935,  6753,
         8832, 10164,  6506,  6334,  2753,  7406,  8040,  4626,  7049,  4173,
         8947,  5736,  9796,  2207,   422,  1583,  8764,  5250,  4548,  5882,
          506,  2533,  9433,  3208,  3211,  2219,  1365,  9029,  1542,  3045,
         9246,   323,  6967, 11255, 11115,  5669,  2691,  1910,  8287,  8018,
         4275,  3247,  4270, 10572,   989,  4755,  6109,  3552, 11578, 11668,
         6052,  2166,  1862,  5959], device='cuda:0')
data_idx:  tensor([ 1221,  6864,  9962, 10816,  1708,  3646, 10375,  7267, 10530, 11483,
          620,  8649,   788,  8874,  1093, 10900,   897,  9785,   956, 10012,
         5116,   341, 11231,  3769,  1087,  3758,  3351,  7333,  6566, 11323,
         7766,   271, 11762,  8065,  6847,  4655,  2037,  5654,  4218,  4658,
         8268, 11220,   302,  5396,  8974,  7207,  6017,  4177,  9303,   781,
          223,  6005,    20,   797,   196,  2619,  6170,  4813,  3140, 10378,
         5827,  3180,  8558, 10486], device='cuda:0')
data_idx:  tensor([11241, 10000,  3832,  5871, 10611,  4717,   229, 11547,  4130,   398,
         3701,   483,  9392,  2977,  2532,  8246,  7944,   224, 10042, 10953,
         3472,  6584,  7151,  6611,  1586,  9484,  1515,  5499,  2010,  6371,
           73, 10949,   779,    22, 10098,  1309,  3727,  6003,    29, 11716,
         5994,  4879,  3659,   538,  2770,  9838,  3502,   443,  7803, 11152,
         9747,  2258, 10798,  7843,  2559,  3914,  6117,  4271,  1522,  7075,
         2748, 10283,  2190,  5393], device='cuda:0')
data_idx:  tensor([10086, 10011,  4529,  5782,   969,  3997, 10804,  2993,  8296,   624,
         4285,  4552, 11632,  7444, 11142,  5818,  6808,  3324,  2792,  2952,
         7763,  1563,  6039, 10538,  7376,  6247,  5731,  4611,  9699,  8753,
           39,  4969,  4868,  4290,  9949,  5775,  3288,  3611,  6301, 11177,
         5877,  8669, 10866,  5085,  4660,  5210,   540,  2308, 10353,  5602,
        11276,  3172, 10940,   634, 11227,  1055,  5291,  8915,  4325,   109,
         1328,  6818, 10840,  8430], device='cuda:0')
data_idx:  tensor([ 3503,  1702,  1007,  9678,  1155,  6033,  2478,  9898,  6082,  2033,
        11695,  1773,   273,  8604, 11024,  5512,  2000,  5019,  3568,  3955,
          187,  6630,  2464,  6755,  9814,  6590, 11029,  4533,  7076,  9839,
         4825,  5978,  1220,  1762,  6569,  3339,    66,  6781,  4345,  1653,
         8867,  5996,  9473,  9364,  6610,  7959,  9026,   348, 11455,  1343,
         8729,  8061,  9827, 10682, 10765, 10554,  6532,  1405,  5585,  5150,
         5694,  1585, 11559,  7740], device='cuda:0')
data_idx:  tensor([ 8197,  9299,  9521,   173,  8745,  5826,  1690,   988,  4166,  2477,
         5915,  4074,  6942,  4208,  2955,  9001, 11393, 11349,  9545,  2949,
         3195,  8249,  8521,  5092,  7489,  8831,  1174,  2761,  2353,  5465,
         5413,  3958,  5513,   954,  1734,  5611,  3035, 10776, 10650, 11023,
         7092,   212,  9118, 10631,  9250,  5843, 10893,  5404,   130,  7992,
         5725,  5017,   963,  6257, 10280,  1808,  3601,  4718,  9413, 10523,
         7884,  3760, 11489,  7342], device='cuda:0')
data_idx:  tensor([ 4090,  8971,  9280,  5122, 11413,  5138,  6834,  6994,  6984, 10060,
          735, 10457,  3244,  1469,  3026,   860,  7897,  2176,   728, 11606,
         3187,  9623, 10361,  8401, 11365,  6501,  5021, 11551,  4002,   872,
          604, 10557,  4932,  5657,  6102,  4712,  2738,  9079,  1807,  9177,
         1863,  9231, 10330, 10364, 11749, 10894,  5763,  9684,  6435,  8596,
         7584,  3929,  8566,  3124,  4519,   709,  5353, 11467,  1475,  3775,
         6914,  9358,  5558, 10369], device='cuda:0')
data_idx:  tensor([ 4010,  1811, 11325,  6542,   274,  6637,  8238,  2924,  7400, 10196,
        11783,  9745,  1903, 10842,  6133,  6369, 11626,  2842,  6098,  4880,
          670,  9479, 11260,  8512, 11270,  8723,  2535,  1273,  7317,  5036,
         1594,  3113, 10561,   526,  4528,  5742,   553,  2175,  6943,  8240,
          834, 10157,  2117,  2778,  9495,  3702,   711,   360,  5760,  6507,
         6786,   790, 10976,  4400,  3656,  6176,  4190,  6740,  2848,  4494,
         5732, 11000,  5561,  7593], device='cuda:0')
data_idx:  tensor([ 2719,  8229,  9832,  7470,  2564,  2633,  4065,  8052, 10579,  6042,
        10726,  1772,   219,  8539,  8375,  6344,  3459,  9939,  6654,  6364,
         9702,  5779, 11423,  3364,  2079, 10124,  1293,  3081,  9487,   425,
         5589,    50,  7336,  3978,  6674,  3786,   231, 10052,  3615,  2098,
         9496, 10473, 11382,  5458,  5483, 10133,   635,  5278,  1022,  8435,
         3391,  5381,  4382,  9895,   326, 11615,  2423,  5003,  7703, 11302,
         3133,  9969,  5326,  2911], device='cuda:0')
data_idx:  tensor([  240,  7566,  3302,  3009,  2114,  7999, 11072,  4324,   352,  9889,
         7490,  8380,  8892,  6125, 10708, 11312, 11598,  9405,  5205,  3688,
         8478,  4452, 10770,  5564,  2746, 11733, 10965,  7146,  9327,  9038,
         6362, 11486,  6686, 10734, 11535,  7991,  4161,  4132,  5595,  2818,
        11613, 10602,  5618,  2998,  4778, 10727,  5582,  6596,  7778,  4302,
        10154,  3968,  8077,  5087,  2819,  7832,  8177,  2685,  2269],
       device='cuda:0')
Saved results/CUB/CUB_sample_exp/ERM_upweight_0_epochs_291_lr_1e-05_weight_decay_1.0/model_outputs/output_train_epoch_0.csv
logged to wandb
Average incurred loss: 0.552  
Average sample loss: 0.552  
Average acc: 0.772  
  waterbird_complete95 = 0, forest2water2 = 0  [n = 1176]:	loss = 0.362  exp loss = 0.357  adjusted loss = 0.357  adv prob = 0.250000   acc = 1.000
  waterbird_complete95 = 0, forest2water2 = 1  [n = 55]:	loss = 0.323  exp loss = 0.325  adjusted loss = 0.325  adv prob = 0.250000   acc = 1.000
  waterbird_complete95 = 1, forest2water2 = 0  [n = 21]:	loss = 1.179  exp loss = 1.160  adjusted loss = 1.160  adv prob = 0.250000   acc = 0.000
  waterbird_complete95 = 1, forest2water2 = 1  [n = 343]:	loss = 1.202  exp loss = 1.212  adjusted loss = 1.212  adv prob = 0.250000   acc = 0.003

Validation:
data_idx:  tensor([  7,  30,  54,  65,  68,  76,  83,  98, 108, 119, 122, 123, 126, 136,
        137, 151, 152, 157, 159, 171, 176, 180, 181, 194, 195, 208, 215, 217,
        241, 249, 253, 261, 269, 286, 287, 295, 315, 317, 319, 344, 346, 376,
        379, 396, 399, 403, 412, 413, 414, 416, 427, 435, 455, 470, 484, 489,
        523, 529, 536, 544, 546, 556, 569, 573], device='cuda:0')
data_idx:  tensor([ 576,  605,  613,  632,  640,  652,  665,  677,  679,  684,  690,  700,
         733,  739,  746,  747,  767,  783,  789,  815,  833,  852,  854,  887,
         890,  915,  917,  921,  924,  925,  926,  928,  933,  942,  949,  955,
         965,  999, 1016, 1036, 1047, 1058, 1059, 1092, 1097, 1111, 1120, 1121,
        1122, 1133, 1145, 1150, 1172, 1185, 1187, 1201, 1226, 1230, 1232, 1247,
        1259, 1262, 1275, 1285], device='cuda:0')
data_idx:  tensor([1317, 1330, 1335, 1339, 1361, 1382, 1400, 1401, 1404, 1425, 1435, 1437,
        1443, 1465, 1467, 1471, 1500, 1508, 1513, 1529, 1531, 1536, 1564, 1572,
        1607, 1619, 1631, 1667, 1703, 1705, 1710, 1715, 1716, 1731, 1740, 1748,
        1753, 1777, 1791, 1793, 1794, 1816, 1857, 1859, 1871, 1874, 1882, 1885,
        1894, 1921, 1927, 1933, 1953, 1954, 1978, 1980, 1987, 1993, 2006, 2018,
        2024, 2025, 2027, 2032], device='cuda:0')
data_idx:  tensor([2035, 2040, 2041, 2044, 2051, 2086, 2087, 2096, 2120, 2121, 2129, 2132,
        2137, 2148, 2156, 2158, 2164, 2171, 2172, 2173, 2174, 2180, 2195, 2201,
        2204, 2213, 2214, 2226, 2232, 2236, 2244, 2274, 2285, 2312, 2313, 2334,
        2336, 2339, 2345, 2348, 2351, 2352, 2372, 2382, 2402, 2405, 2413, 2415,
        2427, 2440, 2445, 2450, 2459, 2460, 2461, 2516, 2521, 2526, 2528, 2541,
        2543, 2545, 2566, 2596], device='cuda:0')
data_idx:  tensor([2604, 2634, 2645, 2658, 2682, 2699, 2718, 2720, 2727, 2742, 2774, 2785,
        2790, 2796, 2799, 2807, 2813, 2815, 2816, 2820, 2822, 2827, 2832, 2839,
        2841, 2853, 2858, 2875, 2876, 2887, 2909, 2927, 2936, 2946, 2957, 2972,
        2985, 2988, 2995, 2999, 3007, 3013, 3016, 3030, 3040, 3047, 3068, 3072,
        3078, 3085, 3092, 3103, 3105, 3108, 3119, 3125, 3159, 3163, 3174, 3193,
        3202, 3209, 3212, 3254], device='cuda:0')
data_idx:  tensor([3261, 3265, 3273, 3292, 3299, 3303, 3308, 3315, 3323, 3337, 3354, 3368,
        3379, 3380, 3386, 3394, 3395, 3406, 3411, 3414, 3426, 3437, 3438, 3446,
        3455, 3457, 3465, 3467, 3478, 3480, 3487, 3506, 3509, 3523, 3550, 3562,
        3563, 3585, 3588, 3596, 3610, 3624, 3629, 3633, 3634, 3673, 3675, 3709,
        3720, 3763, 3764, 3779, 3782, 3783, 3789, 3804, 3815, 3817, 3857, 3867,
        3891, 3896, 3905, 3918], device='cuda:0')
data_idx:  tensor([3927, 3931, 3980, 3989, 4004, 4005, 4011, 4016, 4021, 4043, 4059, 4060,
        4070, 4071, 4073, 4078, 4089, 4094, 4096, 4099, 4110, 4121, 4128, 4133,
        4145, 4158, 4170, 4187, 4192, 4196, 4202, 4207, 4213, 4215, 4228, 4232,
        4247, 4259, 4282, 4295, 4323, 4328, 4348, 4351, 4355, 4368, 4386, 4389,
        4416, 4425, 4449, 4451, 4472, 4474, 4476, 4482, 4484, 4493, 4510, 4525,
        4527, 4540, 4543, 4545], device='cuda:0')
data_idx:  tensor([4560, 4562, 4563, 4572, 4573, 4577, 4589, 4620, 4624, 4627, 4633, 4644,
        4653, 4657, 4698, 4705, 4707, 4715, 4726, 4743, 4747, 4763, 4767, 4793,
        4802, 4820, 4838, 4841, 4844, 4850, 4851, 4856, 4875, 4885, 4891, 4895,
        4915, 4921, 4934, 4946, 4952, 4954, 4958, 4973, 4974, 4999, 5000, 5005,
        5029, 5032, 5037, 5049, 5057, 5063, 5067, 5068, 5072, 5110, 5113, 5144,
        5151, 5158, 5161, 5171], device='cuda:0')
data_idx:  tensor([5172, 5179, 5203, 5216, 5220, 5221, 5229, 5251, 5254, 5280, 5287, 5294,
        5299, 5332, 5337, 5340, 5344, 5365, 5370, 5373, 5395, 5397, 5419, 5428,
        5429, 5431, 5435, 5459, 5462, 5464, 5472, 5485, 5491, 5494, 5502, 5503,
        5515, 5525, 5539, 5559, 5565, 5576, 5583, 5586, 5605, 5606, 5640, 5642,
        5656, 5660, 5670, 5672, 5673, 5675, 5680, 5688, 5709, 5717, 5723, 5728,
        5749, 5771, 5793, 5801], device='cuda:0')
data_idx:  tensor([5803, 5811, 5832, 5835, 5840, 5850, 5856, 5881, 5886, 5909, 5913, 5931,
        5938, 5944, 5952, 5955, 5956, 5957, 5966, 5981, 5989, 5999, 6038, 6043,
        6058, 6063, 6074, 6079, 6093, 6130, 6132, 6136, 6138, 6143, 6145, 6155,
        6167, 6174, 6178, 6180, 6185, 6236, 6238, 6260, 6272, 6294, 6302, 6318,
        6327, 6335, 6336, 6338, 6351, 6359, 6360, 6376, 6380, 6390, 6402, 6403,
        6406, 6422, 6426, 6432], device='cuda:0')
data_idx:  tensor([6443, 6451, 6456, 6482, 6495, 6499, 6519, 6530, 6531, 6543, 6557, 6562,
        6563, 6586, 6591, 6598, 6602, 6604, 6609, 6616, 6626, 6632, 6633, 6634,
        6638, 6650, 6661, 6663, 6682, 6685, 6709, 6728, 6763, 6770, 6773, 6778,
        6797, 6821, 6833, 6839, 6860, 6868, 6873, 6876, 6877, 6878, 6889, 6898,
        6918, 6921, 6932, 6955, 6970, 6997, 7000, 7021, 7023, 7051, 7069, 7079,
        7083, 7096, 7105, 7138], device='cuda:0')
data_idx:  tensor([7142, 7144, 7145, 7155, 7167, 7179, 7187, 7190, 7230, 7257, 7261, 7275,
        7289, 7299, 7303, 7315, 7319, 7323, 7327, 7332, 7335, 7338, 7352, 7359,
        7365, 7375, 7381, 7396, 7401, 7405, 7410, 7411, 7422, 7434, 7436, 7438,
        7455, 7468, 7471, 7488, 7492, 7498, 7502, 7503, 7516, 7524, 7535, 7541,
        7544, 7546, 7553, 7578, 7583, 7594, 7598, 7609, 7611, 7623, 7627, 7634,
        7642, 7651, 7652, 7661], device='cuda:0')
data_idx:  tensor([7663, 7665, 7675, 7677, 7705, 7707, 7725, 7741, 7754, 7760, 7762, 7765,
        7779, 7788, 7791, 7794, 7802, 7809, 7831, 7833, 7836, 7842, 7849, 7853,
        7872, 7879, 7880, 7901, 7910, 7915, 7929, 7933, 7935, 7937, 7938, 7940,
        7945, 7958, 7961, 7975, 7982, 8015, 8017, 8023, 8030, 8041, 8047, 8059,
        8069, 8073, 8113, 8119, 8126, 8131, 8140, 8144, 8152, 8210, 8213, 8239,
        8257, 8258, 8273, 8275], device='cuda:0')
data_idx:  tensor([8279, 8286, 8288, 8289, 8321, 8328, 8368, 8372, 8383, 8389, 8397, 8404,
        8408, 8449, 8451, 8459, 8469, 8481, 8498, 8511, 8513, 8514, 8520, 8531,
        8549, 8556, 8578, 8597, 8613, 8614, 8615, 8637, 8640, 8641, 8652, 8661,
        8667, 8673, 8676, 8697, 8702, 8709, 8737, 8744, 8754, 8769, 8780, 8803,
        8814, 8819, 8822, 8829, 8841, 8854, 8869, 8870, 8884, 8900, 8901, 8902,
        8910, 8911, 8913, 8916], device='cuda:0')
data_idx:  tensor([8917, 8928, 8943, 8953, 8954, 8962, 8984, 9004, 9018, 9034, 9041, 9061,
        9066, 9086, 9089, 9115, 9116, 9121, 9122, 9141, 9144, 9153, 9155, 9156,
        9159, 9163, 9188, 9192, 9198, 9206, 9211, 9219, 9220, 9223, 9234, 9235,
        9283, 9285, 9286, 9289, 9291, 9292, 9298, 9304, 9307, 9314, 9331, 9335,
        9341, 9353, 9357, 9360, 9370, 9371, 9375, 9381, 9423, 9429, 9440, 9444,
        9449, 9453, 9464, 9468], device='cuda:0')
data_idx:  tensor([ 9476,  9502,  9507,  9510,  9512,  9529,  9535,  9564,  9573,  9577,
         9578,  9589,  9591,  9608,  9616,  9620,  9628,  9629,  9631,  9641,
         9643,  9656,  9673,  9679,  9709,  9718,  9720,  9724,  9725,  9739,
         9748,  9750,  9761,  9763,  9783,  9792,  9805,  9807,  9825,  9826,
         9828,  9851,  9870,  9880,  9887,  9894,  9901,  9911,  9922,  9927,
         9932,  9936,  9938,  9943,  9950,  9952,  9959,  9966,  9974,  9993,
         9994, 10015, 10025, 10039], device='cuda:0')
data_idx:  tensor([10045, 10050, 10059, 10071, 10075, 10077, 10082, 10102, 10103, 10105,
        10118, 10127, 10131, 10147, 10165, 10169, 10193, 10203, 10207, 10222,
        10224, 10226, 10245, 10254, 10266, 10272, 10282, 10299, 10302, 10310,
        10321, 10325, 10332, 10339, 10347, 10352, 10372, 10394, 10396, 10440,
        10443, 10447, 10451, 10456, 10459, 10466, 10468, 10469, 10478, 10482,
        10483, 10508, 10512, 10515, 10522, 10529, 10543, 10544, 10555, 10573,
        10585, 10597, 10598, 10605], device='cuda:0')
data_idx:  tensor([10613, 10616, 10627, 10635, 10655, 10657, 10681, 10693, 10695, 10710,
        10715, 10722, 10746, 10749, 10752, 10763, 10766, 10787, 10790, 10795,
        10817, 10819, 10831, 10854, 10858, 10869, 10870, 10879, 10896, 10908,
        10923, 10930, 10932, 10945, 10947, 10957, 10959, 10982, 10988, 10994,
        10996, 10998, 11012, 11013, 11017, 11018, 11033, 11043, 11044, 11056,
        11086, 11089, 11098, 11134, 11150, 11172, 11210, 11232, 11235, 11242,
        11251, 11275, 11294, 11303], device='cuda:0')
data_idx:  tensor([11316, 11329, 11341, 11358, 11389, 11395, 11404, 11406, 11407, 11420,
        11424, 11425, 11430, 11445, 11451, 11472, 11473, 11491, 11499, 11516,
        11534, 11545, 11554, 11555, 11560, 11589, 11616, 11622, 11623, 11665,
        11687, 11689, 11702, 11705, 11707, 11717, 11723, 11731, 11738, 11742,
        11747, 11752, 11753, 11757, 11759, 11775, 11777], device='cuda:0')
Saved results/CUB/CUB_sample_exp/ERM_upweight_0_epochs_291_lr_1e-05_weight_decay_1.0/model_outputs/output_val_epoch_0.csv
logged to wandb
Average incurred loss: 0.521  
Average sample loss: 0.518  
Average acc: 0.779  
  waterbird_complete95 = 0, forest2water2 = 0  [n = 467]:	loss = 0.344  exp loss = 0.335  adjusted loss = 0.335  adv prob = 0.250000   acc = 1.000
  waterbird_complete95 = 0, forest2water2 = 1  [n = 466]:	loss = 0.314  exp loss = 0.312  adjusted loss = 0.312  adv prob = 0.250000   acc = 1.000
  waterbird_complete95 = 1, forest2water2 = 0  [n = 133]:	loss = 1.174  exp loss = 1.215  adjusted loss = 1.215  adv prob = 0.250000   acc = 0.008
  waterbird_complete95 = 1, forest2water2 = 1  [n = 133]:	loss = 1.215  exp loss = 1.225  adjusted loss = 1.225  adv prob = 0.250000   acc = 0.000
data_idx:  tensor([  0,   2,   5,   9,  11,  12,  13,  15,  16,  18,  21,  23,  24,  25,
         26,  27,  28,  32,  33,  37,  38,  43,  44,  46,  47,  49,  51,  53,
         56,  58,  60,  62,  64,  67,  69,  70,  75,  78,  81,  82,  84,  86,
         87,  89,  90,  91,  92,  93,  94,  97,  99, 100, 102, 105, 106, 107,
        111, 113, 117, 118, 125, 128, 129, 131], device='cuda:0')
data_idx:  tensor([132, 133, 134, 138, 143, 145, 146, 148, 149, 153, 154, 155, 156, 160,
        161, 162, 164, 166, 168, 169, 170, 172, 174, 177, 178, 179, 182, 184,
        185, 189, 190, 191, 192, 197, 198, 199, 200, 204, 206, 207, 209, 210,
        211, 213, 216, 218, 222, 225, 228, 230, 232, 233, 235, 236, 238, 239,
        243, 245, 250, 251, 254, 258, 259, 264], device='cuda:0')
slurmstepd: error: *** JOB 38939673 ON gl1513 CANCELLED AT 2022-07-06T13:26:05 ***
