python run_expt.py -s confounder -d MultiNLI -t gold_label_random -c sentence2_has_negation --batch_size 32 --root_dir ./ --n_epochs 5 --aug_col wrong_1_times --log_dir results/MultiNLI/MultiNLI_sample_exp/train_downstream_ERM_upweight_0_epochs_5_lr_2e-05_weight_decay_0.0/final_epoch2/JTT_upweight_20_epochs_5_lr_1e-05_weight_decay_0.1/model_outputs --metadata_path results/MultiNLI/MultiNLI_sample_exp/train_downstream_ERM_upweight_0_epochs_5_lr_2e-05_weight_decay_0.0/final_epoch2/metadata_aug.csv --lr 1e-05 --weight_decay 0.1 --up_weight 20 --metadata_csv_name metadata.csv  --model bert --use_bert_params 1 --loss_type erm

saved in results/MultiNLI/MultiNLI_sample_exp/train_downstream_ERM_upweight_0_epochs_5_lr_2e-05_weight_decay_0.0/final_epoch2/JTT_upweight_20_epochs_5_lr_1e-05_weight_decay_0.1/job.sh


python run_expt.py -s confounder -d MultiNLI -t gold_label_random -c sentence2_has_negation --batch_size 32 --root_dir ./ --n_epochs 5 --aug_col wrong_1_times --log_dir results/MultiNLI/MultiNLI_sample_exp/train_downstream_ERM_upweight_0_epochs_5_lr_2e-05_weight_decay_0.0/final_epoch2/JTT_upweight_50_epochs_5_lr_1e-05_weight_decay_0.1/model_outputs --metadata_path results/MultiNLI/MultiNLI_sample_exp/train_downstream_ERM_upweight_0_epochs_5_lr_2e-05_weight_decay_0.0/final_epoch2/metadata_aug.csv --lr 1e-05 --weight_decay 0.1 --up_weight 50 --metadata_csv_name metadata.csv  --model bert --use_bert_params 1 --loss_type erm

saved in results/MultiNLI/MultiNLI_sample_exp/train_downstream_ERM_upweight_0_epochs_5_lr_2e-05_weight_decay_0.0/final_epoch2/JTT_upweight_50_epochs_5_lr_1e-05_weight_decay_0.1/job.sh


python run_expt.py -s confounder -d MultiNLI -t gold_label_random -c sentence2_has_negation --batch_size 32 --root_dir ./ --n_epochs 5 --aug_col wrong_1_times --log_dir results/MultiNLI/MultiNLI_sample_exp/train_downstream_ERM_upweight_0_epochs_5_lr_2e-05_weight_decay_0.0/final_epoch2/JTT_upweight_100_epochs_5_lr_1e-05_weight_decay_0.1/model_outputs --metadata_path results/MultiNLI/MultiNLI_sample_exp/train_downstream_ERM_upweight_0_epochs_5_lr_2e-05_weight_decay_0.0/final_epoch2/metadata_aug.csv --lr 1e-05 --weight_decay 0.1 --up_weight 100 --metadata_csv_name metadata.csv  --model bert --use_bert_params 1 --loss_type erm

saved in results/MultiNLI/MultiNLI_sample_exp/train_downstream_ERM_upweight_0_epochs_5_lr_2e-05_weight_decay_0.0/final_epoch2/JTT_upweight_100_epochs_5_lr_1e-05_weight_decay_0.1/job.sh


Total wrong 61219 Total points 206175
Number of spurious 59019
Number of our spurious:  23723
Number of our nonspurious: 37496
python generate_downstream.py --exp_name MultiNLI_sample_exp/train_downstream_ERM_upweight_0_epochs_5_lr_2e-05_weight_decay_0.0/final_epoch2 --lr 1e-05 --weight_decay 0.1 --method JTT --dataset MultiNLI --aug_col wrong_1_times





 Using bert params 





Dataset: MultiNLI
Shift type: confounder
Wandb: True
Project name: spurious
Target name: gold_label_random
Confounder names: ['sentence2_has_negation']
Up weight: 20
Resume: False
Minority fraction: None
Imbalance ratio: None
Fraction: 1.0
Root dir: ./
Reweight groups: False
Augment data: False
Val fraction: 0.1
Loss type: erm
Alpha: 0.2
Generalization adjustment: 0.0
Automatic adjustment: False
Robust step size: 0.01
Joint dro alpha: 1
Use normalized loss: False
Btl: False
Hinge: False
Model: bert
Train from scratch: False
N epochs: 5
Batch size: 32
Lr: 1e-05
Scheduler: False
Weight decay: 0.1
Gamma: 0.1
Minimum variational weight: 0
Seed: 0
Show progress: False
Log dir: results/MultiNLI/MultiNLI_sample_exp/train_downstream_ERM_upweight_0_epochs_5_lr_2e-05_weight_decay_0.0/final_epoch2/JTT_upweight_20_epochs_5_lr_1e-05_weight_decay_0.1/model_outputs
Log every: 50
Save step: 10
Save best: False
Save last: False
Use bert params: 1
Num folds per sweep: 5
Num sweeps: 4
Q: 0.7
Metadata csv name: metadata.csv
Fold: None
Metadata path: results/MultiNLI/MultiNLI_sample_exp/train_downstream_ERM_upweight_0_epochs_5_lr_2e-05_weight_decay_0.0/final_epoch2/metadata_aug.csv
Aug col: wrong_1_times
Max grad norm: 1.0
Adam epsilon: 1e-08
Warmup steps: 0

length of train_data:  206175
length of test_data:  123712
length of val_data:  82462
args fold:  None
len 206175 61219
Up-weight factor: 20
Training Data...
    gold_label_random = 0, sentence2_has_negation = 0: n = 521898
    gold_label_random = 0, sentence2_has_negation = 1: n = 22918
    gold_label_random = 1, sentence2_has_negation = 0: n = 358636
    gold_label_random = 1, sentence2_has_negation = 1: n = 11581
    gold_label_random = 2, sentence2_has_negation = 0: n = 486850
    gold_label_random = 2, sentence2_has_negation = 1: n = 28672
Validation Data...
    gold_label_random = 0, sentence2_has_negation = 0: n = 22814
    gold_label_random = 0, sentence2_has_negation = 1: n = 4634
    gold_label_random = 1, sentence2_has_negation = 0: n = 26949
    gold_label_random = 1, sentence2_has_negation = 1: n = 613
    gold_label_random = 2, sentence2_has_negation = 0: n = 26655
    gold_label_random = 2, sentence2_has_negation = 1: n = 797
Test Data...
    gold_label_random = 0, sentence2_has_negation = 0: n = 34597
    gold_label_random = 0, sentence2_has_negation = 1: n = 6655
    gold_label_random = 1, sentence2_has_negation = 0: n = 40496
    gold_label_random = 1, sentence2_has_negation = 1: n = 886
    gold_label_random = 2, sentence2_has_negation = 0: n = 39930
    gold_label_random = 2, sentence2_has_negation = 1: n = 1148
Traceback (most recent call last):
  File "run_expt.py", line 327, in <module>
    main(args)
  File "run_expt.py", line 163, in main
    wandb.watch(model)
  File "/home/gaotang/jtt/venv/lib/python3.6/site-packages/wandb/sdk/wandb_watch.py", line 38, in watch
    raise ValueError("You must call `wandb.init` before calling watch")
ValueError: You must call `wandb.init` before calling watch
Done


problem with JTT_upweight_100_epochs_5_lr_1e-05_weight_decay_0.1
(<class 'pandas.errors.EmptyDataError'>, EmptyDataError('No columns to parse from file',), <traceback object at 0x2b1b407a8c88>)


problem with JTT_upweight_20_epochs_5_lr_1e-05_weight_decay_0.1
(<class 'pandas.errors.EmptyDataError'>, EmptyDataError('No columns to parse from file',), <traceback object at 0x2b1b3e280088>)


problem with metadata_aug.csv
(<class 'NotADirectoryError'>, NotADirectoryError(20, 'Not a directory'), <traceback object at 0x2b1b4072a588>)
