python run_expt.py -s confounder -d CelebA -t Blond_Hair -c Male --batch_size 64 --root_dir ./ --n_epochs 50 --aug_col None --log_dir results/CelebA/CelebA_sample_exp/ERM_upweight_0_epochs_50_lr_1e-05_weight_decay_0.1/model_outputs --metadata_path results/CelebA/CelebA_sample_exp/metadata_aug.csv --lr 1e-05 --weight_decay 0.1 --up_weight 0 --metadata_csv_name metadata.csv  --model resnet50 --use_bert_params 0 --loss_type erm

saved in results/CelebA/CelebA_sample_exp/ERM_upweight_0_epochs_50_lr_1e-05_weight_decay_0.1/job.sh


wandb: Currently logged in as: gaotang (use `wandb login --relogin` to force relogin)
wandb: wandb version 0.12.21 is available!  To upgrade, please run:
wandb:  $ pip install wandb --upgrade
wandb: Tracking run with wandb version 0.10.8
wandb: Syncing run solar-planet-8
wandb: ⭐️ View project at https://wandb.ai/gaotang/spurious_CelebA
wandb: 🚀 View run at https://wandb.ai/gaotang/spurious_CelebA/runs/13sithh0
wandb: Run data is saved locally in wandb/run-20220710_045919-13sithh0
wandb: Run `wandb off` to turn off syncing.
Dataset: CelebA
Shift type: confounder
Wandb: True
Project name: spurious
Target name: Blond_Hair
Confounder names: ['Male']
Up weight: 0
Resume: False
Minority fraction: None
Imbalance ratio: None
Fraction: 1.0
Root dir: ./
Reweight groups: False
Augment data: False
Val fraction: 0.1
Loss type: erm
Alpha: 0.2
Generalization adjustment: 0.0
Automatic adjustment: False
Robust step size: 0.01
Joint dro alpha: 1
Use normalized loss: False
Btl: False
Hinge: False
Model: resnet50
Train from scratch: False
N epochs: 50
Batch size: 64
Lr: 1e-05
Scheduler: False
Weight decay: 0.1
Gamma: 0.1
Minimum variational weight: 0
Seed: 0
Show progress: False
Log dir: results/CelebA/CelebA_sample_exp/ERM_upweight_0_epochs_50_lr_1e-05_weight_decay_0.1/model_outputs
Log every: 50
Save step: 10
Save best: False
Save last: False
Use bert params: 0
Num folds per sweep: 5
Num sweeps: 4
Q: 0.7
Metadata csv name: metadata.csv
Fold: None
Metadata path: results/CelebA/CelebA_sample_exp/metadata_aug.csv
Aug col: None

length of train_data:  162770
length of test_data:  19962
length of val_data:  19867
args fold:  None


WARNING: aug_col is not being used.


Training Data...
    Blond_Hair = 0, Male = 0: n = 71629
    Blond_Hair = 0, Male = 1: n = 66874
    Blond_Hair = 1, Male = 0: n = 22880
    Blond_Hair = 1, Male = 1: n = 1387
Validation Data...
    Blond_Hair = 0, Male = 0: n = 8535
    Blond_Hair = 0, Male = 1: n = 8276
    Blond_Hair = 1, Male = 0: n = 2874
    Blond_Hair = 1, Male = 1: n = 182
Test Data...
    Blond_Hair = 0, Male = 0: n = 9767
    Blond_Hair = 0, Male = 1: n = 7535
    Blond_Hair = 1, Male = 0: n = 2480
    Blond_Hair = 1, Male = 1: n = 180

Epoch [0]:
Training:
/home/gaotang/jtt/venv/lib/python3.6/site-packages/torch/nn/modules/module.py:795: UserWarning: Using a non-full backward hook when the forward contains multiple autograd Nodes is deprecated and will be removed in future versions. This hook will be missing some grad_input. Please use register_full_backward_hook to get the documented behavior.
  warnings.warn("Using a non-full backward hook when the forward contains multiple autograd Nodes "
Traceback (most recent call last):
  File "run_expt.py", line 327, in <module>
    main(args)
  File "run_expt.py", line 203, in main
    wandb=wandb if args.wandb else None,
  File "/home/gaotang/jtt/train.py", line 319, in train
    wandb=wandb,
  File "/home/gaotang/jtt/train.py", line 105, in run_epoch
    outputs[idx] += model.b[i] * 5
IndexError: index 70468 is out of bounds for dimension 0 with size 11788
wandb: Waiting for W&B process to finish, PID 60036
wandb: Program failed with code 1.  Press ctrl-c to abort syncing.
wandb: - 0.00MB of 0.00MB uploaded (0.00MB deduped)wandb: \ 0.01MB of 0.01MB uploaded (0.00MB deduped)wandb:                                                                                
wandb: Find user logs for this run at: wandb/run-20220710_045919-13sithh0/logs/debug.log
wandb: Find internal logs for this run at: wandb/run-20220710_045919-13sithh0/logs/debug-internal.log
wandb: Synced 5 W&B file(s), 0 media file(s), 0 artifact file(s) and 0 other file(s)
wandb: 
wandb: Synced solar-planet-8: https://wandb.ai/gaotang/spurious_CelebA/runs/13sithh0

Done
